<?xml version="1.0" encoding="UTF-8"?>
<testng-results skipped="0" failed="0" ignored="0" total="1" passed="1">
  <reporter-output>
  </reporter-output>
  <suite name="Default suite" duration-ms="20581" started-at="2018-04-24T08:20:03Z" finished-at="2018-04-24T08:20:23Z">
    <groups>
    </groups>
    <test name="Default test" duration-ms="20581" started-at="2018-04-24T08:20:03Z" finished-at="2018-04-24T08:20:23Z">
      <class name="javaProg.HelloWorld">
        <test-method status="PASS" signature="simpleJava()[pri:0, instance:javaProg.HelloWorld@e26948]" name="simpleJava" duration-ms="20498" started-at="2018-04-24T08:20:03Z" finished-at="2018-04-24T08:20:23Z">
          <reporter-output>
          </reporter-output>
        </test-method> <!-- simpleJava -->
      </class> <!-- javaProg.HelloWorld -->
    </test> <!-- Default test -->
  </suite> <!-- Default suite -->
</testng-results>
